2022-04-29 11:42:38.544  INFO 31672 --- [restartedMain] com.zee.demo.ComZeeDemoApplication       : Starting ComZeeDemoApplication using Java 18 on ZL-MU-MT-LT2509 with PID 31672 (D:\OneDrive - Zee Entertainment Enterprises Limited\Documents\com-zee-demo\com-zee-demo\target\classes started by prathiksha.sb in D:\OneDrive - Zee Entertainment Enterprises Limited\Documents\com-zee-demo\com-zee-demo)
2022-04-29 11:42:38.544  INFO 31672 --- [restartedMain] com.zee.demo.ComZeeDemoApplication       : No active profile set, falling back to 1 default profile: "default"
2022-04-29 11:42:38.708  INFO 31672 --- [restartedMain] .s.d.r.c.RepositoryConfigurationDelegate : Bootstrapping Spring Data JPA repositories in DEFAULT mode.
2022-04-29 11:42:38.729  INFO 31672 --- [restartedMain] .s.d.r.c.RepositoryConfigurationDelegate : Finished Spring Data repository scanning in 20 ms. Found 1 JPA repository interfaces.
2022-04-29 11:42:38.928  INFO 31672 --- [restartedMain] o.s.b.w.embedded.tomcat.TomcatWebServer  : Tomcat initialized with port(s): 8888 (http)
2022-04-29 11:42:38.928  INFO 31672 --- [restartedMain] o.apache.catalina.core.StandardService   : Starting service [Tomcat]
2022-04-29 11:42:38.928  INFO 31672 --- [restartedMain] org.apache.catalina.core.StandardEngine  : Starting Servlet engine: [Apache Tomcat/9.0.62]
2022-04-29 11:42:38.941  INFO 31672 --- [restartedMain] o.a.c.c.C.[Tomcat].[localhost].[/]       : Initializing Spring embedded WebApplicationContext
2022-04-29 11:42:38.941  INFO 31672 --- [restartedMain] w.s.c.ServletWebServerApplicationContext : Root WebApplicationContext: initialization completed in 394 ms
2022-04-29 11:42:38.970  INFO 31672 --- [restartedMain] o.hibernate.jpa.internal.util.LogHelper  : HHH000204: Processing PersistenceUnitInfo [name: default]
2022-04-29 11:42:38.973  INFO 31672 --- [restartedMain] com.zaxxer.hikari.HikariDataSource       : HikariPool-7 - Starting...
2022-04-29 11:42:38.986  INFO 31672 --- [restartedMain] com.zaxxer.hikari.HikariDataSource       : HikariPool-7 - Start completed.
2022-04-29 11:42:38.986  INFO 31672 --- [restartedMain] org.hibernate.dialect.Dialect            : HHH000400: Using dialect: org.hibernate.dialect.MySQL8Dialect
2022-04-29 11:42:39.009  INFO 31672 --- [restartedMain] o.h.e.t.j.p.i.JtaPlatformInitiator       : HHH000490: Using JtaPlatform implementation: [org.hibernate.engine.transaction.jta.platform.internal.NoJtaPlatform]
2022-04-29 11:42:39.009  INFO 31672 --- [restartedMain] j.LocalContainerEntityManagerFactoryBean : Initialized JPA EntityManagerFactory for persistence unit 'default'
2022-04-29 11:42:39.061  WARN 31672 --- [restartedMain] JpaBaseConfiguration$JpaWebConfiguration : spring.jpa.open-in-view is enabled by default. Therefore, database queries may be performed during view rendering. Explicitly configure spring.jpa.open-in-view to disable this warning
2022-04-29 11:42:39.115  INFO 31672 --- [restartedMain] o.s.b.d.a.OptionalLiveReloadServer       : LiveReload server is running on port 35729
2022-04-29 11:42:39.121  INFO 31672 --- [restartedMain] o.s.b.w.embedded.tomcat.TomcatWebServer  : Tomcat started on port(s): 8888 (http) with context path ''
2022-04-29 11:42:39.123  INFO 31672 --- [restartedMain] com.zee.demo.ComZeeDemoApplication       : Started ComZeeDemoApplication in 0.625 seconds (JVM running for 3027.343)
2022-04-29 11:42:39.124  INFO 31672 --- [restartedMain] .ConditionEvaluationDeltaLoggingListener : Condition evaluation unchanged
2022-04-29 11:43:08.096  INFO 31672 --- [Thread-27] j.LocalContainerEntityManagerFactoryBean : Closing JPA EntityManagerFactory for persistence unit 'default'
2022-04-29 11:43:08.096  INFO 31672 --- [Thread-27] com.zaxxer.hikari.HikariDataSource       : HikariPool-7 - Shutdown initiated...
2022-04-29 11:43:08.101  INFO 31672 --- [Thread-27] com.zaxxer.hikari.HikariDataSource       : HikariPool-7 - Shutdown completed.
2022-04-29 11:43:08.169  INFO 31672 --- [restartedMain] com.zee.demo.ComZeeDemoApplication       : Starting ComZeeDemoApplication using Java 18 on ZL-MU-MT-LT2509 with PID 31672 (D:\OneDrive - Zee Entertainment Enterprises Limited\Documents\com-zee-demo\com-zee-demo\target\classes started by prathiksha.sb in D:\OneDrive - Zee Entertainment Enterprises Limited\Documents\com-zee-demo\com-zee-demo)
2022-04-29 11:43:08.169  INFO 31672 --- [restartedMain] com.zee.demo.ComZeeDemoApplication       : No active profile set, falling back to 1 default profile: "default"
2022-04-29 11:43:08.361  INFO 31672 --- [restartedMain] .s.d.r.c.RepositoryConfigurationDelegate : Bootstrapping Spring Data JPA repositories in DEFAULT mode.
2022-04-29 11:43:08.379  INFO 31672 --- [restartedMain] .s.d.r.c.RepositoryConfigurationDelegate : Finished Spring Data repository scanning in 17 ms. Found 1 JPA repository interfaces.
2022-04-29 11:43:08.430  INFO 31672 --- [restartedMain] o.s.b.w.embedded.tomcat.TomcatWebServer  : Tomcat initialized with port(s): 8888 (http)
2022-04-29 11:43:08.430  INFO 31672 --- [restartedMain] o.apache.catalina.core.StandardService   : Starting service [Tomcat]
2022-04-29 11:43:08.430  INFO 31672 --- [restartedMain] org.apache.catalina.core.StandardEngine  : Starting Servlet engine: [Apache Tomcat/9.0.62]
2022-04-29 11:43:08.442  INFO 31672 --- [restartedMain] o.a.c.c.C.[Tomcat].[localhost].[/]       : Initializing Spring embedded WebApplicationContext
2022-04-29 11:43:08.443  INFO 31672 --- [restartedMain] w.s.c.ServletWebServerApplicationContext : Root WebApplicationContext: initialization completed in 270 ms
2022-04-29 11:43:08.461  INFO 31672 --- [restartedMain] o.hibernate.jpa.internal.util.LogHelper  : HHH000204: Processing PersistenceUnitInfo [name: default]
2022-04-29 11:43:08.464  INFO 31672 --- [restartedMain] com.zaxxer.hikari.HikariDataSource       : HikariPool-8 - Starting...
2022-04-29 11:43:08.475  INFO 31672 --- [restartedMain] com.zaxxer.hikari.HikariDataSource       : HikariPool-8 - Start completed.
2022-04-29 11:43:08.475  INFO 31672 --- [restartedMain] org.hibernate.dialect.Dialect            : HHH000400: Using dialect: org.hibernate.dialect.MySQL8Dialect
2022-04-29 11:43:08.494  INFO 31672 --- [restartedMain] o.h.e.t.j.p.i.JtaPlatformInitiator       : HHH000490: Using JtaPlatform implementation: [org.hibernate.engine.transaction.jta.platform.internal.NoJtaPlatform]
2022-04-29 11:43:08.495  INFO 31672 --- [restartedMain] j.LocalContainerEntityManagerFactoryBean : Initialized JPA EntityManagerFactory for persistence unit 'default'
2022-04-29 11:43:08.537  WARN 31672 --- [restartedMain] JpaBaseConfiguration$JpaWebConfiguration : spring.jpa.open-in-view is enabled by default. Therefore, database queries may be performed during view rendering. Explicitly configure spring.jpa.open-in-view to disable this warning
2022-04-29 11:43:08.595  INFO 31672 --- [restartedMain] o.s.b.d.a.OptionalLiveReloadServer       : LiveReload server is running on port 35729
2022-04-29 11:43:08.601  INFO 31672 --- [restartedMain] o.s.b.w.embedded.tomcat.TomcatWebServer  : Tomcat started on port(s): 8888 (http) with context path ''
2022-04-29 11:43:08.603  INFO 31672 --- [restartedMain] com.zee.demo.ComZeeDemoApplication       : Started ComZeeDemoApplication in 0.46 seconds (JVM running for 3056.823)
2022-04-29 11:43:08.604  INFO 31672 --- [restartedMain] .ConditionEvaluationDeltaLoggingListener : Condition evaluation unchanged
2022-04-29 11:43:38.383  INFO 31672 --- [http-nio-8888-exec-2] o.a.c.c.C.[Tomcat].[localhost].[/]       : Initializing Spring DispatcherServlet 'dispatcherServlet'
2022-04-29 11:43:38.383  INFO 31672 --- [http-nio-8888-exec-2] o.s.web.servlet.DispatcherServlet        : Initializing Servlet 'dispatcherServlet'
2022-04-29 11:43:38.385  INFO 31672 --- [http-nio-8888-exec-2] o.s.web.servlet.DispatcherServlet        : Completed initialization in 0 ms
2022-04-29 11:43:38.387  INFO 31672 --- [http-nio-8888-exec-2] com.zee.demo.service.EmployeeService     : getAllEmployeeById101
2022-04-29 11:44:46.901  INFO 31672 --- [http-nio-8888-exec-5] com.zee.demo.service.EmployeeService     : getAllEmployees
2022-04-29 11:44:49.817  INFO 31672 --- [http-nio-8888-exec-6] com.zee.demo.service.EmployeeService     : getAllEmployeeById102
2022-04-29 11:44:54.093  INFO 31672 --- [http-nio-8888-exec-7] com.zee.demo.service.EmployeeService     : getAllEmployeeById101
2022-04-29 11:44:56.780  INFO 31672 --- [http-nio-8888-exec-8] com.zee.demo.service.EmployeeService     : getAllEmployeeById103
2022-04-29 11:47:35.622  INFO 31672 --- [Thread-31] j.LocalContainerEntityManagerFactoryBean : Closing JPA EntityManagerFactory for persistence unit 'default'
2022-04-29 11:47:35.623  INFO 31672 --- [Thread-31] com.zaxxer.hikari.HikariDataSource       : HikariPool-8 - Shutdown initiated...
2022-04-29 11:47:35.630  INFO 31672 --- [Thread-31] com.zaxxer.hikari.HikariDataSource       : HikariPool-8 - Shutdown completed.
